2019-04-01 20:31:00 INFO  JavaRushTasksProjectComponent.projectOpened(74) - ---------- Project JavaRushTasks opened ----------
2019-04-01 20:31:00 INFO  JavaRushTasksProjectComponent.projectOpened(75) - ---------- Version 3.29 ----------

2019-04-01 20:31:00 INFO  JavaRushTasksProjectComponent.setAutoscrolls(364) - Autoscrolls успешно установлены
2019-04-01 20:31:00 INFO  ApacheHttpClient.login(235) - Ожидание ответа сервера.
2019-04-01 20:31:00 INFO  ApacheHttpClient.login(239) - responseCode = 200
2019-04-01 20:31:00 INFO  ApacheHttpClient.login(270) - JSESSIONID OK
2019-04-01 20:31:00 INFO  ApacheHttpClient.refreshUserInfo(298) - responseCode = 200
2019-04-01 20:31:00 INFO  ApacheHttpClient.refreshUserInfo(304) - Информация о пользователе получена.
2019-04-01 20:31:00 INFO  ApacheHttpClient.startGA(33) - GAService запущен.
2019-04-01 20:31:00 INFO  AbstractRestApiClient.startService(70) - EventsService запущен.
2019-04-01 20:31:07 INFO  ApacheHttpClient.getWebResourceAsStream(494) - responseCode = 200
2019-04-01 20:31:13 INFO  ApacheHttpClient.getWebResourceAsStream(494) - responseCode = 200
2019-04-01 20:31:20 INFO  ApacheHttpClient.getWebResourceAsStream(494) - responseCode = 200
2019-04-01 20:31:29 INFO  ApacheHttpClient.getWebResourceAsStream(494) - responseCode = 200
2019-04-01 20:31:32 INFO  ApacheHttpClient.getFilteredTasks(331) - responseCode = 200
2019-04-01 20:31:39 INFO  ApacheHttpClient.getTaskTemplateInfo(348) - responseCode = 200
2019-04-01 20:31:42 INFO  ApacheHttpClient.testConnection(190) - responseCode = 200
2019-04-01 20:31:42 INFO  ApacheHttpClient.testConnection(205) - result = true
2019-04-01 20:31:44 INFO  ApacheHttpClient.testConnection(190) - responseCode = 200
2019-04-01 20:31:44 INFO  ApacheHttpClient.testConnection(205) - result = true
2019-04-01 20:31:44 INFO  ApacheHttpClient.getTaskTemplateInfo(348) - responseCode = 200
2019-04-01 20:31:47 INFO  ApacheHttpClient.testConnection(190) - responseCode = 200
2019-04-01 20:31:47 INFO  ApacheHttpClient.testConnection(205) - result = true
2019-04-01 20:31:49 INFO  ApacheHttpClient.testConnection(190) - responseCode = 200
2019-04-01 20:31:49 INFO  ApacheHttpClient.testConnection(205) - result = true
2019-04-01 20:31:50 INFO  ApacheHttpClient.getWebResourceAsStream(494) - responseCode = 200
2019-04-01 20:31:50 INFO  ApacheHttpClient.getWebResourceAsStream(494) - responseCode = 200
2019-04-01 20:32:00 INFO  ApacheHttpClient.sendEvent(527) - responseCode = 200
2019-04-01 20:32:10 INFO  InfoPanel.getQuestHtmlByVF(152) - Создана панель для квеста 1.JavaSyntax
2019-04-01 20:32:48 INFO  ApacheHttpClient.getWebResourceAsStream(494) - responseCode = 200
2019-04-01 20:32:49 INFO  ApacheHttpClient.getTask(479) - responseCode = 200
2019-04-01 20:33:01 INFO  ApacheHttpClient.sendEvent(527) - responseCode = 200
2019-04-01 20:33:01 INFO  ApacheHttpClient.getWebResourceAsStream(494) - responseCode = 200
2019-04-01 20:33:02 INFO  ApacheHttpClient.getFilteredTasks(331) - responseCode = 200
2019-04-01 20:33:06 INFO  ApacheHttpClient.getTaskTemplateInfo(348) - responseCode = 200
2019-04-01 20:33:08 INFO  ApacheHttpClient.testConnection(190) - responseCode = 200
2019-04-01 20:33:08 INFO  ApacheHttpClient.testConnection(205) - result = true
2019-04-01 20:33:10 INFO  ApacheHttpClient.testConnection(190) - responseCode = 200
2019-04-01 20:33:10 INFO  ApacheHttpClient.testConnection(205) - result = true
2019-04-01 20:33:10 INFO  ApacheHttpClient.getWebResourceAsStream(494) - responseCode = 200
2019-04-01 20:34:00 INFO  ApacheHttpClient.sendEvent(527) - responseCode = 200
2019-04-01 20:34:35 INFO  ApacheHttpClient.testConnection(190) - responseCode = 200
2019-04-01 20:34:35 INFO  ApacheHttpClient.testConnection(205) - result = true
2019-04-01 20:34:37 INFO  ApacheHttpClient.testConnection(190) - responseCode = 200
2019-04-01 20:34:37 INFO  ApacheHttpClient.testConnection(205) - result = true
2019-04-01 20:34:38 INFO  ApacheHttpClient.getWebResourceAsStream(494) - responseCode = 200
2019-04-01 20:35:01 INFO  ApacheHttpClient.sendEvent(527) - responseCode = 200
2019-04-01 20:35:15 INFO  ApacheHttpClient.testConnection(190) - responseCode = 200
2019-04-01 20:35:15 INFO  ApacheHttpClient.testConnection(205) - result = true
2019-04-01 20:35:17 INFO  ApacheHttpClient.testConnection(190) - responseCode = 200
2019-04-01 20:35:17 INFO  ApacheHttpClient.testConnection(205) - result = true
2019-04-01 20:35:17 INFO  ApacheHttpClient.getWebResourceAsStream(494) - responseCode = 200
2019-04-01 20:35:36 INFO  ApacheHttpClient.getWebResourceAsStream(494) - responseCode = 200
2019-04-01 20:35:36 INFO  ApacheHttpClient.getWebResourceAsStream(494) - responseCode = 200
2019-04-01 20:35:36 INFO  ApacheHttpClient.completed(27) - responseCode = 400
2019-04-01 20:35:36 INFO  ApacheHttpClient.getTask(479) - responseCode = 200
2019-04-01 20:35:36 WARN  TaskCompleted.run(66) - Задача "Напиши программу, которая выводит на экран надпись: «Амиго очень умный»." уже решена
2019-04-01 20:35:49 INFO  ApacheHttpClient.getWebResourceAsStream(494) - responseCode = 200
2019-04-01 20:35:53 INFO  ApacheHttpClient.resetTask(318) - responseCode = 200
2019-04-01 20:35:53 INFO  ApacheHttpClient.getTask(479) - responseCode = 200
2019-04-01 20:35:53 INFO  ApacheHttpClient.getTaskTemplateInfo(348) - responseCode = 200
2019-04-01 20:35:55 INFO  ApacheHttpClient.testConnection(190) - responseCode = 200
2019-04-01 20:35:55 INFO  ApacheHttpClient.testConnection(205) - result = true
2019-04-01 20:35:57 INFO  ApacheHttpClient.testConnection(190) - responseCode = 200
2019-04-01 20:35:57 INFO  ApacheHttpClient.testConnection(205) - result = true
2019-04-01 20:35:57 INFO  ApacheHttpClient.getWebResourceAsStream(494) - responseCode = 200
2019-04-01 20:36:00 INFO  ApacheHttpClient.sendEvent(527) - responseCode = 200
2019-04-01 20:36:04 INFO  ApacheHttpClient.getWebResourceAsStream(494) - responseCode = 200
2019-04-01 20:36:04 INFO  ApacheHttpClient.getTask(479) - responseCode = 200
2019-04-01 20:36:05 INFO  ApacheHttpClient.getWebResourceAsStream(494) - responseCode = 200
2019-04-01 20:36:05 INFO  ApacheHttpClient.completed(27) - responseCode = 400
2019-04-01 20:36:05 WARN  TaskCompleted.run(66) - Задача "Напиши программу, которая выводит на экран надпись: «Амиго очень умный»." уже решена
2019-04-01 20:37:00 INFO  ApacheHttpClient.sendEvent(527) - responseCode = 200
2019-04-01 20:38:01 INFO  ApacheHttpClient.sendEvent(527) - responseCode = 200
2019-04-01 20:38:01 INFO  ApacheHttpClient.getWebResourceAsStream(494) - responseCode = 200
2019-04-01 20:38:01 INFO  ApacheHttpClient.getTask(479) - responseCode = 200
2019-04-01 20:38:02 INFO  ApacheHttpClient.completed(27) - responseCode = 400
2019-04-01 20:38:02 WARN  TaskCompleted.run(66) - Задача "Амиго очень умный" уже решена
2019-04-01 20:38:02 INFO  ApacheHttpClient.getWebResourceAsStream(494) - responseCode = 200
2019-04-01 20:39:00 INFO  ApacheHttpClient.sendEvent(527) - responseCode = 200
2019-04-01 20:39:14 INFO  JavaRushTasksProjectComponent.projectClosing(186) - ---------- Project JavaRushTasks closed ----------

2019-04-01 20:39:14 INFO  ApacheHttpClient.getTask(479) - responseCode = 200
